
> @ build /Users/lyra/Documents/code/project/winter-sweet-2.0
> next build

info  - Loaded env from /Users/lyra/Documents/code/project/winter-sweet-2.0/.env
info  - Linting and checking validity of types...
info  - Creating an optimized production build...
info  - Compiled successfully
info  - Collecting page data...
info  - Generating static pages (0/15)
info  - Generating static pages (3/15)
info  - Generating static pages (7/15)
info  - Generating static pages (11/15)
info  - Generating static pages (15/15)
info  - Finalizing page optimization...

Route (pages)                              Size     First Load JS
┌ λ /                                      3.08 kB         151 kB
├   /_app                                  0 B             132 kB
├ ○ /404                                   181 B           132 kB
├ λ /about                                 752 B           149 kB
├ λ /api/auth/author                       0 B             132 kB
├ λ /api/auth/login                        0 B             132 kB
├ λ /api/auth/logout                       0 B             132 kB
├ λ /api/auth/refresh                      0 B             132 kB
├ λ /api/auth/register                     0 B             132 kB
├ λ /api/comment                           0 B             132 kB
├ λ /api/post/createPost                   0 B             132 kB
├ λ /api/post/getList                      0 B             132 kB
├ λ /api/post/uploadPost                   0 B             132 kB
├ λ /api/test/removeRefreshToken           0 B             132 kB
├ ○ /comments                              525 B           148 kB
├ λ /dashboard                             338 B           138 kB
├ ○ /dashboard/about                       320 B           138 kB
├ ○ /dashboard/about/page                  468 B           132 kB
├ ○ /dashboard/editor                      1.88 kB         140 kB
├ ○ /dashboard/editor/page                 466 B           132 kB
├ ○ /dashboard/manager                     322 B           138 kB
├ ○ /dashboard/manager/page                468 B           132 kB
├ ○ /dashboard/page                        464 B           132 kB
├ ○ /dashboard/upload                      321 B           138 kB
├ ○ /dashboard/upload/page                 467 B           132 kB
├ ○ /friends                               525 B           148 kB
├ ○ /lab                                   502 B           148 kB
├ λ /posts                                 1.42 kB         149 kB
├ λ /posts/[postId]                        2.11 kB         142 kB
└ ○ /tags                                  502 B           148 kB
+ First Load JS shared by all              139 kB
  ├ chunks/framework-be550e88136ecb38.js   45.4 kB
  ├ chunks/main-36338b00a63e8f09.js        26.7 kB
  ├ chunks/pages/_app-5488fbd104117f25.js  57.3 kB
  ├ chunks/webpack-369e21d5cda00c90.js     2.09 kB
  └ css/dce3b54c4fc20e79.css               7.02 kB

ƒ Middleware                               14.3 kB

λ  (Server)  server-side renders at runtime (uses getInitialProps or getServerSideProps)
○  (Static)  automatically rendered as static HTML (uses no initial props)

